Determining size of unsigned long passed with the following output:
Change Dir: /usr/local/src/gr-ieee80211ah/CMakeFiles/CMakeTmp

Run Build Command:/usr/bin/make "cmTryCompileExec109137809/fast"
make[1]: Entering directory `/usr/local/src/gr-ieee80211ah/CMakeFiles/CMakeTmp'
/usr/bin/make -f CMakeFiles/cmTryCompileExec109137809.dir/build.make CMakeFiles/cmTryCompileExec109137809.dir/build
make[2]: Entering directory `/usr/local/src/gr-ieee80211ah/CMakeFiles/CMakeTmp'
/usr/bin/cmake -E cmake_progress_report /usr/local/src/gr-ieee80211ah/CMakeFiles/CMakeTmp/CMakeFiles 1
Building C object CMakeFiles/cmTryCompileExec109137809.dir/SIZEOF_UL.c.o
/usr/bin/cc    -o CMakeFiles/cmTryCompileExec109137809.dir/SIZEOF_UL.c.o   -c /usr/local/src/gr-ieee80211ah/CMakeFiles/CheckTypeSize/SIZEOF_UL.c
Linking C executable cmTryCompileExec109137809
/usr/bin/cmake -E cmake_link_script CMakeFiles/cmTryCompileExec109137809.dir/link.txt --verbose=1
/usr/bin/cc       CMakeFiles/cmTryCompileExec109137809.dir/SIZEOF_UL.c.o  -o cmTryCompileExec109137809 -rdynamic 
make[2]: Leaving directory `/usr/local/src/gr-ieee80211ah/CMakeFiles/CMakeTmp'
make[1]: Leaving directory `/usr/local/src/gr-ieee80211ah/CMakeFiles/CMakeTmp'


Determining size of unsigned long long passed with the following output:
Change Dir: /usr/local/src/gr-ieee80211ah/CMakeFiles/CMakeTmp

Run Build Command:/usr/bin/make "cmTryCompileExec649133901/fast"
make[1]: Entering directory `/usr/local/src/gr-ieee80211ah/CMakeFiles/CMakeTmp'
/usr/bin/make -f CMakeFiles/cmTryCompileExec649133901.dir/build.make CMakeFiles/cmTryCompileExec649133901.dir/build
make[2]: Entering directory `/usr/local/src/gr-ieee80211ah/CMakeFiles/CMakeTmp'
/usr/bin/cmake -E cmake_progress_report /usr/local/src/gr-ieee80211ah/CMakeFiles/CMakeTmp/CMakeFiles 1
Building C object CMakeFiles/cmTryCompileExec649133901.dir/SIZEOF_ULL.c.o
/usr/bin/cc    -o CMakeFiles/cmTryCompileExec649133901.dir/SIZEOF_ULL.c.o   -c /usr/local/src/gr-ieee80211ah/CMakeFiles/CheckTypeSize/SIZEOF_ULL.c
Linking C executable cmTryCompileExec649133901
/usr/bin/cmake -E cmake_link_script CMakeFiles/cmTryCompileExec649133901.dir/link.txt --verbose=1
/usr/bin/cc       CMakeFiles/cmTryCompileExec649133901.dir/SIZEOF_ULL.c.o  -o cmTryCompileExec649133901 -rdynamic 
make[2]: Leaving directory `/usr/local/src/gr-ieee80211ah/CMakeFiles/CMakeTmp'
make[1]: Leaving directory `/usr/local/src/gr-ieee80211ah/CMakeFiles/CMakeTmp'


